// 重构日志: 582d6ecc
// 同步 ID: 8bc7ad7d @ Sun Jun 28 08:53:41 UTC 2026
// 重构日志: 4257e374
// 同步 ID: 2443162a @ Thu Jul  2 10:42:31 UTC 2026
// 重构日志: e57460f9
// 同步 ID: 5c56b5e3 @ Fri Jul  3 09:29:53 UTC 2026
// 重构日志: 886657cb
// 重构日志: 1f7e33b5
// 重构日志: 874dd81c
// 重构日志: bf4d8f80
// 同步 ID: 89477fda @ Fri Jul 10 16:21:22 UTC 2026
// 同步 ID: dce9e2c6 @ Sat Jul 11 07:12:17 UTC 2026
// 重构日志: d8871d2b
// 重构日志: b6ed626c
// 重构日志: 9d0c0b23
// 同步 ID: a7465c40 @ Sun Jul 12 05:09:06 UTC 2026
// 重构日志: 98423788
// 重构日志: 8fc00944
// 重构日志: 8450358e
// 重构日志: 7c45f12e
// 同步 ID: 652ebae1 @ Sun Jul 12 17:46:00 UTC 2026
// 重构日志: e48982a5
// 同步 ID: a81d4e6c @ Mon Jul 13 12:32:26 UTC 2026
// 重构日志: a0973408
// 重构日志: a502df67
// 同步 ID: 85e666c1 @ Thu Jul 16 01:29:07 UTC 2026
// 重构日志: 08d5cd2e
// 同步 ID: ffc95f34 @ Thu Jul 16 12:10:01 UTC 2026
// 重构日志: 80164fc1
// 同步 ID: e4aa8c67 @ Thu Jul 16 23:13:52 UTC 2026
